2023-09-02 22:56:29.734  INFO 17832 --- [restartedMain] c.k.s.SpringexerciseApplication          : Starting SpringexerciseApplication using Java 17.0.7 on DESKTOP-B9IRVAV with PID 17832 (C:\study\springworkspace\springexercise\target\classes started by hyoli in C:\study\springworkspace\springexercise)
2023-09-02 22:56:29.735 DEBUG 17832 --- [restartedMain] c.k.s.SpringexerciseApplication          : Running with Spring Boot v2.7.14, Spring v5.3.29
2023-09-02 22:56:29.738  INFO 17832 --- [restartedMain] c.k.s.SpringexerciseApplication          : No active profile set, falling back to 1 default profile: "default"
2023-09-02 22:56:30.757  INFO 17832 --- [restartedMain] .s.d.r.c.RepositoryConfigurationDelegate : Bootstrapping Spring Data JDBC repositories in DEFAULT mode.
2023-09-02 22:56:30.784  INFO 17832 --- [restartedMain] .s.d.r.c.RepositoryConfigurationDelegate : Finished Spring Data repository scanning in 25 ms. Found 0 JDBC repository interfaces.
2023-09-02 22:56:30.984  INFO 17832 --- [restartedMain] o.s.b.w.embedded.tomcat.TomcatWebServer  : Tomcat initialized with port(s): 8080 (http)
2023-09-02 22:56:30.985  INFO 17832 --- [restartedMain] o.apache.catalina.core.StandardService   : Starting service [Tomcat]
2023-09-02 22:56:30.986  INFO 17832 --- [restartedMain] org.apache.catalina.core.StandardEngine  : Starting Servlet engine: [Apache Tomcat/9.0.78]
2023-09-02 22:56:31.313  INFO 17832 --- [restartedMain] org.apache.jasper.servlet.TldScanner     : At least one JAR was scanned for TLDs yet contained no TLDs. Enable debug logging for this logger for a complete list of JARs that were scanned but no TLDs were found in them. Skipping unneeded JARs during scanning can improve startup time and JSP compilation time.
2023-09-02 22:56:31.323  INFO 17832 --- [restartedMain] o.a.c.c.C.[Tomcat].[localhost].[/]       : Initializing Spring embedded WebApplicationContext
2023-09-02 22:56:31.323  INFO 17832 --- [restartedMain] w.s.c.ServletWebServerApplicationContext : Root WebApplicationContext: initialization completed in 1577 ms
2023-09-02 22:56:31.955  INFO 17832 --- [restartedMain] com.zaxxer.hikari.HikariDataSource       : HikariPool-3 - Starting...
2023-09-02 22:56:32.192  INFO 17832 --- [restartedMain] com.zaxxer.hikari.HikariDataSource       : HikariPool-3 - Start completed.
2023-09-02 22:56:32.217  INFO 17832 --- [restartedMain] o.s.b.d.a.OptionalLiveReloadServer       : LiveReload server is running on port 35729
2023-09-02 22:56:32.225  INFO 17832 --- [restartedMain] o.s.b.a.e.web.EndpointLinksResolver      : Exposing 1 endpoint(s) beneath base path '/actuator'
2023-09-02 22:56:32.266  INFO 17832 --- [restartedMain] o.s.b.w.embedded.tomcat.TomcatWebServer  : Tomcat started on port(s): 8080 (http) with context path ''
2023-09-02 22:56:32.320  INFO 17832 --- [restartedMain] c.k.s.SpringexerciseApplication          : Started SpringexerciseApplication in 2.711 seconds (JVM running for 677.985)
2023-09-02 22:56:32.337  INFO 17832 --- [restartedMain] .ConditionEvaluationDeltaLoggingListener : Condition evaluation delta:


==========================
CONDITION EVALUATION DELTA
==========================


Positive matches:
-----------------

   LogFileWebEndpointAutoConfiguration#logFileWebEndpoint matched:
      - Log File found logging.file.name logs/server.log (LogFileWebEndpointAutoConfiguration.LogFileCondition)
      - @ConditionalOnMissingBean (types: org.springframework.boot.actuate.logging.LogFileWebEndpoint; SearchStrategy: all) did not find any beans (OnBeanCondition)


Negative matches:
-----------------

    None


Exclusions:
-----------

    None


Unconditional classes:
----------------------

    None



2023-09-02 22:57:40.131  INFO 17832 --- [File Watcher] rtingClassPathChangeChangedEventListener : Restarting due to 1 class path change (0 additions, 0 deletions, 1 modification)
2023-09-02 22:57:40.255  INFO 17832 --- [Thread-15] o.apache.catalina.core.StandardService   : Stopping service [Tomcat]
2023-09-02 22:57:40.279  INFO 17832 --- [Thread-15] com.zaxxer.hikari.HikariDataSource       : HikariPool-3 - Shutdown initiated...
2023-09-02 22:57:40.322  INFO 17832 --- [Thread-15] com.zaxxer.hikari.HikariDataSource       : HikariPool-3 - Shutdown completed.
2023-09-02 22:57:40.581 [INFO ] Starting SpringexerciseApplication using Java 17.0.7 on DESKTOP-B9IRVAV with PID 17832 (C:\study\springworkspace\springexercise\target\classes started by hyoli in C:\study\springworkspace\springexercise) -com.kh.springhome.SpringexerciseApplication 
2023-09-02 22:57:40.582 [DEBUG] Running with Spring Boot v2.7.14, Spring v5.3.29 -com.kh.springhome.SpringexerciseApplication 
2023-09-02 22:57:40.583 [INFO ] No active profile set, falling back to 1 default profile: "default" -com.kh.springhome.SpringexerciseApplication 
2023-09-02 22:57:41.303 [INFO ] Bootstrapping Spring Data JDBC repositories in DEFAULT mode. -org.springframework.data.repository.config.RepositoryConfigurationDelegate 
2023-09-02 22:57:41.323 [INFO ] Finished Spring Data repository scanning in 18 ms. Found 0 JDBC repository interfaces. -org.springframework.data.repository.config.RepositoryConfigurationDelegate 
2023-09-02 22:57:41.462 [INFO ] Tomcat initialized with port(s): 8080 (http) -org.springframework.boot.web.embedded.tomcat.TomcatWebServer 
2023-09-02 22:57:41.463 [INFO ] Starting service [Tomcat] -org.apache.catalina.core.StandardService 
2023-09-02 22:57:41.463 [INFO ] Starting Servlet engine: [Apache Tomcat/9.0.78] -org.apache.catalina.core.StandardEngine 
2023-09-02 22:57:41.767 [INFO ] At least one JAR was scanned for TLDs yet contained no TLDs. Enable debug logging for this logger for a complete list of JARs that were scanned but no TLDs were found in them. Skipping unneeded JARs during scanning can improve startup time and JSP compilation time. -org.apache.jasper.servlet.TldScanner 
2023-09-02 22:57:41.781 [INFO ] Initializing Spring embedded WebApplicationContext -org.apache.catalina.core.ContainerBase.[Tomcat].[localhost].[/] 
2023-09-02 22:57:41.781 [INFO ] Root WebApplicationContext: initialization completed in 1187 ms -org.springframework.boot.web.servlet.context.ServletWebServerApplicationContext 
2023-09-02 22:57:42.82 [INFO ] HikariPool-4 - Starting... -com.zaxxer.hikari.HikariDataSource 
2023-09-02 22:57:42.334 [INFO ] HikariPool-4 - Start completed. -com.zaxxer.hikari.HikariDataSource 
2023-09-02 22:57:42.371 [INFO ] LiveReload server is running on port 35729 -org.springframework.boot.devtools.autoconfigure.OptionalLiveReloadServer 
2023-09-02 22:57:42.384 [INFO ] Exposing 1 endpoint(s) beneath base path '/actuator' -org.springframework.boot.actuate.endpoint.web.EndpointLinksResolver 
2023-09-02 22:57:42.430 [INFO ] Tomcat started on port(s): 8080 (http) with context path '' -org.springframework.boot.web.embedded.tomcat.TomcatWebServer 
2023-09-02 22:57:42.597 [INFO ] Started SpringexerciseApplication in 2.126 seconds (JVM running for 748.262) -com.kh.springhome.SpringexerciseApplication 
2023-09-02 22:57:42.617 [INFO ] Condition evaluation unchanged -org.springframework.boot.devtools.autoconfigure.ConditionEvaluationDeltaLoggingListener 
2023-09-02 23:03:02.73 [INFO ] Restarting due to 1 class path change (0 additions, 0 deletions, 1 modification) -org.springframework.boot.devtools.autoconfigure.LocalDevToolsAutoConfiguration$RestartingClassPathChangeChangedEventListener 
2023-09-02 23:03:02.242 [INFO ] Stopping service [Tomcat] -org.apache.catalina.core.StandardService 
2023-09-02 23:03:02.259 [INFO ] HikariPool-4 - Shutdown initiated... -com.zaxxer.hikari.HikariDataSource 
2023-09-02 23:03:02.291 [INFO ] HikariPool-4 - Shutdown completed. -com.zaxxer.hikari.HikariDataSource 
2023-09-02 23:03:02.538 [INFO ] Starting SpringexerciseApplication using Java 17.0.7 on DESKTOP-B9IRVAV with PID 17832 (C:\study\springworkspace\springexercise\target\classes started by hyoli in C:\study\springworkspace\springexercise) -com.kh.springhome.SpringexerciseApplication 
2023-09-02 23:03:02.544 [DEBUG] Running with Spring Boot v2.7.14, Spring v5.3.29 -com.kh.springhome.SpringexerciseApplication 
2023-09-02 23:03:02.545 [INFO ] No active profile set, falling back to 1 default profile: "default" -com.kh.springhome.SpringexerciseApplication 
2023-09-02 23:03:03.346 [INFO ] Bootstrapping Spring Data JDBC repositories in DEFAULT mode. -org.springframework.data.repository.config.RepositoryConfigurationDelegate 
2023-09-02 23:03:03.374 [INFO ] Finished Spring Data repository scanning in 23 ms. Found 0 JDBC repository interfaces. -org.springframework.data.repository.config.RepositoryConfigurationDelegate 
2023-09-02 23:03:03.604 [INFO ] Tomcat initialized with port(s): 8080 (http) -org.springframework.boot.web.embedded.tomcat.TomcatWebServer 
2023-09-02 23:03:03.604 [INFO ] Starting service [Tomcat] -org.apache.catalina.core.StandardService 
2023-09-02 23:03:03.605 [INFO ] Starting Servlet engine: [Apache Tomcat/9.0.78] -org.apache.catalina.core.StandardEngine 
2023-09-02 23:03:03.913 [INFO ] At least one JAR was scanned for TLDs yet contained no TLDs. Enable debug logging for this logger for a complete list of JARs that were scanned but no TLDs were found in them. Skipping unneeded JARs during scanning can improve startup time and JSP compilation time. -org.apache.jasper.servlet.TldScanner 
2023-09-02 23:03:03.920 [INFO ] Initializing Spring embedded WebApplicationContext -org.apache.catalina.core.ContainerBase.[Tomcat].[localhost].[/] 
2023-09-02 23:03:03.920 [INFO ] Root WebApplicationContext: initialization completed in 1360 ms -org.springframework.boot.web.servlet.context.ServletWebServerApplicationContext 
2023-09-02 23:03:04.675 [INFO ] HikariPool-5 - Starting... -com.zaxxer.hikari.HikariDataSource 
2023-09-02 23:03:04.920 [INFO ] HikariPool-5 - Start completed. -com.zaxxer.hikari.HikariDataSource 
2023-09-02 23:03:04.950 [INFO ] LiveReload server is running on port 35729 -org.springframework.boot.devtools.autoconfigure.OptionalLiveReloadServer 
2023-09-02 23:03:04.957 [INFO ] Exposing 1 endpoint(s) beneath base path '/actuator' -org.springframework.boot.actuate.endpoint.web.EndpointLinksResolver 
2023-09-02 23:03:04.998 [INFO ] Tomcat started on port(s): 8080 (http) with context path '' -org.springframework.boot.web.embedded.tomcat.TomcatWebServer 
2023-09-02 23:03:05.58 [INFO ] Started SpringexerciseApplication in 2.648 seconds (JVM running for 1070.723) -com.kh.springhome.SpringexerciseApplication 
2023-09-02 23:03:05.68 [INFO ] Condition evaluation unchanged -org.springframework.boot.devtools.autoconfigure.ConditionEvaluationDeltaLoggingListener 
2023-09-02 23:07:06.416 [INFO ] Restarting due to 1 class path change (0 additions, 0 deletions, 1 modification) -org.springframework.boot.devtools.autoconfigure.LocalDevToolsAutoConfiguration$RestartingClassPathChangeChangedEventListener 
2023-09-02 23:07:06.512 [INFO ] Stopping service [Tomcat] -org.apache.catalina.core.StandardService 
2023-09-02 23:07:06.529 [INFO ] HikariPool-5 - Shutdown initiated... -com.zaxxer.hikari.HikariDataSource 
2023-09-02 23:07:06.589 [INFO ] HikariPool-5 - Shutdown completed. -com.zaxxer.hikari.HikariDataSource 
